<?xml version="1.0" encoding="UTF-8"?>
<testsuite name="官网测试"
           tests="2"
           failures="1"
           errors="0"
           skipped="1"
           time="0.424">
  <properties />
            <testcase name="open" time="0.424" classname="TeseCase.openURL">
                <failure type="java.lang.IllegalStateException"
                  message="The driver executable does not exist: C:\Users\Administrator\AppData\Local\Google\Chrome\Application\chromedriver.exe"
              >
<![CDATA[java.lang.IllegalStateException: The driver executable does not exist: C:\Users\Administrator\AppData\Local\Google\Chrome\Application\chromedriver.exe
  com.google.common.base.Preconditions.checkState(Preconditions.java:585)
  org.openqa.selenium.remote.service.DriverService.checkExecutable(DriverService.java:146)
  org.openqa.selenium.remote.service.DriverService.findExecutable(DriverService.java:141)
  org.openqa.selenium.chrome.ChromeDriverService.access$000(ChromeDriverService.java:35)
  org.openqa.selenium.chrome.ChromeDriverService$Builder.findDefaultExecutable(ChromeDriverService.java:159)
  org.openqa.selenium.remote.service.DriverService$Builder.build(DriverService.java:355)
  org.openqa.selenium.chrome.ChromeDriverService.createDefaultService(ChromeDriverService.java:94)
  org.openqa.selenium.chrome.ChromeDriver.<init>(ChromeDriver.java:123)
  com.fengzhaung.seleniumdriver.open(seleniumdriver.java:16)
  TeseCase.openURL.open(openURL.java:11)
  sun.reflect.NativeMethodAccessorImpl.invoke0(Native Method)
  sun.reflect.NativeMethodAccessorImpl.invoke(NativeMethodAccessorImpl.java:62)
  sun.reflect.DelegatingMethodAccessorImpl.invoke(DelegatingMethodAccessorImpl.java:43)
  java.lang.reflect.Method.invoke(Method.java:498)
  org.testng.internal.MethodInvocationHelper.invokeMethod(MethodInvocationHelper.java:124)
  org.testng.internal.MethodInvocationHelper.invokeMethodConsideringTimeout(MethodInvocationHelper.java:59)
  org.testng.internal.Invoker.invokeConfigurationMethod(Invoker.java:458)
  org.testng.internal.Invoker.invokeConfigurations(Invoker.java:222)
  org.testng.internal.Invoker.invokeConfigurations(Invoker.java:142)
  org.testng.SuiteRunner.privateRun(SuiteRunner.java:401)
  org.testng.SuiteRunner.run(SuiteRunner.java:364)
  org.testng.SuiteRunnerWorker.runSuite(SuiteRunnerWorker.java:52)
  org.testng.SuiteRunnerWorker.run(SuiteRunnerWorker.java:84)
  org.testng.TestNG.runSuitesSequentially(TestNG.java:1208)
  org.testng.TestNG.runSuitesLocally(TestNG.java:1137)
  org.testng.TestNG.runSuites(TestNG.java:1049)
  org.testng.TestNG.run(TestNG.java:1017)
  org.testng.IDEARemoteTestNG.run(IDEARemoteTestNG.java:72)
  org.testng.RemoteTestNGStarter.main(RemoteTestNGStarter.java:123)
]]>
      </failure>

          </testcase>
  
            <testcase name="closeAll" time="0.0" classname="TeseCase.openURL">
          <skipped />
    </testcase>
  
  
</testsuite>
